<?xml version="1.0" encoding="UTF-8"?>
<!-- Generated by org.testng.reporters.JUnitReportReporter -->
<testsuite hostname="DESKTOP-HOF3APB" failures="0" tests="3" name="variousConcepts.CrmTest" time="30.380" errors="0" timestamp="2024-10-27T10:46:14 CDT" skipped="0">
  <testcase classname="variousConcepts.CrmTest" name="testLogin" time="11.286"/>
  <system-out/>
  <testcase classname="variousConcepts.CrmTest" name="alertMessageTest" time="3.711"/>
  <system-out/>
  <testcase classname="variousConcepts.CrmTest" name="addCustomerTest" time="15.383"/>
  <system-out/>
</testsuite> <!-- variousConcepts.CrmTest -->
