<?xml version="1.0" encoding="UTF-8"?>
<!-- Generated by org.testng.reporters.JUnitReportReporter -->
<testsuite hostname="DESKTOP-HOF3APB" failures="0" tests="3" name="variousConcepts.CrmTest" time="32.564" errors="0" timestamp="2024-10-27T11:33:30 CDT" skipped="0">
  <testcase classname="variousConcepts.CrmTest" name="testLogin" time="11.252"/>
  <system-out/>
  <testcase classname="variousConcepts.CrmTest" name="alertMessageTest" time="3.299"/>
  <system-out/>
  <testcase classname="variousConcepts.CrmTest" name="addCustomerTest" time="18.013"/>
  <system-out/>
</testsuite> <!-- variousConcepts.CrmTest -->
